
Showing logs for build [32mcb-kubecd-environment-pr-191-12-b7jln-1[0m stage [32mfrom-build-pack[0m and container [32mstep-credential-initializer-dk2rm[0m
{"level":"warn","ts":1585495457.6528687,"logger":"fallback-logger","caller":"logging/config.go:69","msg":"Fetch GitHub commit ID from kodata failed: \"ref: refs/heads/0.8.0-**-support-backwards-incompats\" is not a valid GitHub commit ID"}
{"level":"info","ts":1585495457.6535099,"logger":"fallback-logger","caller":"creds-init/main.go:40","msg":"Credentials initialized."}

Showing logs for build [32mcb-kubecd-environment-pr-191-12-b7jln-1[0m stage [32mfrom-build-pack[0m and container [32mstep-working-dir-initializer-nvdvr[0m
{"level":"warn","ts":1585495459.1569123,"logger":"fallback-logger","caller":"logging/config.go:69","msg":"Fetch GitHub commit ID from kodata failed: open /var/run/ko/HEAD: no such file or directory"}
{"level":"info","ts":1585495459.1601906,"logger":"fallback-logger","caller":"bash/main.go:64","msg":"Successfully executed command \"sh -c mkdir -p /workspace/source\"; output "}

Showing logs for build [32mcb-kubecd-environment-pr-191-12-b7jln-1[0m stage [32mfrom-build-pack[0m and container [32mstep-place-tools[0m

Showing logs for build [32mcb-kubecd-environment-pr-191-12-b7jln-1[0m stage [32mfrom-build-pack[0m and container [32mstep-git-source-cb-kubecd-environment-pr-191-12-b7jln-cfnb4[0m
{"level":"warn","ts":1585495484.8149157,"logger":"fallback-logger","caller":"logging/config.go:69","msg":"Fetch GitHub commit ID from kodata failed: \"ref: refs/heads/0.8.0-**-support-backwards-incompats\" is not a valid GitHub commit ID"}
{"level":"info","ts":1585495486.0118923,"logger":"fallback-logger","caller":"git/git.go:103","msg":"Successfully cloned https://github.com/cb-kubecd/environment-pr-191-121-boot-gke-staging.git @ master in path /workspace/source"}

Showing logs for build [32mcb-kubecd-environment-pr-191-12-b7jln-1[0m stage [32mfrom-build-pack[0m and container [32mstep-git-merge[0m
Using SHAs from PULL_REFS=master:9e6ac82c876a0a4a2d5d80b843b82bac81c95e52,5:dd368c3ec35718264518580413d91e4b7c1bce91
DEBUG: LC_ALL=C JX_LOG_LEVEL=error git fetch origin --unshallow dd368c3ec35718264518580413d91e4b7c1bce91: 9e6ac82c876a0a4a2d5d80b843b82bac81c95e52:
DEBUG: ran git fetch --unshallow origin dd368c3ec35718264518580413d91e4b7c1bce91: 9e6ac82c876a0a4a2d5d80b843b82bac81c95e52: in 
DEBUG: LC_ALL=C JX_LOG_LEVEL=error git branch
DEBUG: LC_ALL=C JX_LOG_LEVEL=error git checkout master
DEBUG: ran git checkout master in 
DEBUG: LC_ALL=C JX_LOG_LEVEL=error git reset --hard 9e6ac82c876a0a4a2d5d80b843b82bac81c95e52
DEBUG: ran git reset --hard 9e6ac82c876a0a4a2d5d80b843b82bac81c95e52 in 
DEBUG: JX_LOG_LEVEL=error LC_ALL=C git clean -fd .
DEBUG: ran clean --force -d . in 
DEBUG: LC_ALL=C JX_LOG_LEVEL=error git merge dd368c3ec35718264518580413d91e4b7c1bce91
DEBUG: ran git merge dd368c3ec35718264518580413d91e4b7c1bce91 in 
DEBUG: LC_ALL=C JX_LOG_LEVEL=error git log --format=%H%x1f%an%x1f%ae%x1f%cn%x1f%ce%x1f%s%n%b%x1e 9e6ac82c876a0a4a2d5d80b843b82bac81c95e52..HEAD
Merged SHA dd368c3ec35718264518580413d91e4b7c1bce91 with commit message 'chore: Promote bdd-nh-import-1585495200 to version 0.0.1' into base branch master

Showing logs for build [32mcb-kubecd-environment-pr-191-12-b7jln-1[0m stage [32mfrom-build-pack[0m and container [32mstep-build-helm-build[0m
WARNING: No $CHART_REPOSITORY defined so using the default value of: http://jenkins-x-chartmuseum:8080
Adding missing Helm repo: storage.googleapis.com https://storage.googleapis.com/chartmuseum.jenkins-x.io
WARNING: No secrets found on "helm/repos" due: reading the secret "helm/repos" from vault: no secret "helm/repos" not found in vault
Read credentials for https://storage.googleapis.com/chartmuseum.jenkins-x.io from vault helm/repos
Successfully added Helm repository storage.googleapis.com.
Adding missing Helm repo: jenkins-x-chartmuseum http://jenkins-x-chartmuseum:8080
WARNING: No secrets found on "helm/repos" due: reading the secret "helm/repos" from vault: no secret "helm/repos" not found in vault
Read credentials for http://jenkins-x-chartmuseum:8080 from vault helm/repos
Successfully added Helm repository jenkins-x-chartmuseum.
WARNING: No $CHART_REPOSITORY defined so using the default value of: http://jenkins-x-chartmuseum:8080
Adding missing Helm repo: chartmuseum.jenkins-x.io http://chartmuseum.jenkins-x.io
WARNING: No secrets found on "helm/repos" due: reading the secret "helm/repos" from vault: no secret "helm/repos" not found in vault
Read credentials for http://chartmuseum.jenkins-x.io from vault helm/repos
Successfully added Helm repository chartmuseum.jenkins-x.io.
